c:\users\alex\source\repos\2danimationexporter\x64\release\2danimationexporter.ipdb
c:\users\alex\source\repos\2danimationexporter\x64\release\2danimationexporter.iobj
c:\users\alex\source\repos\2danimationexporter\2danimationexporter\x64\release\vcpkg.applocal.log
c:\users\alex\source\repos\2danimationexporter\x64\release\sdl2.dll
c:\users\alex\source\repos\2danimationexporter\x64\release\sdl2_image.dll
c:\users\alex\source\repos\2danimationexporter\x64\release\libpng16.dll
c:\users\alex\source\repos\2danimationexporter\x64\release\zlib1.dll
c:\users\alex\source\repos\2danimationexporter\x64\release\jpeg62.dll
c:\users\alex\source\repos\2danimationexporter\x64\release\tiff.dll
c:\users\alex\source\repos\2danimationexporter\x64\release\lzma.dll
c:\users\alex\source\repos\2danimationexporter\x64\release\webp.dll
c:\users\alex\source\repos\2danimationexporter\x64\release\sdl2_ttf.dll
c:\users\alex\source\repos\2danimationexporter\x64\release\freetype.dll
c:\users\alex\source\repos\2danimationexporter\x64\release\libbz2.dll
c:\users\alex\source\repos\2danimationexporter\2danimationexporter\x64\release\vc141.pdb
c:\users\alex\source\repos\2danimationexporter\2danimationexporter\x64\release\window.obj
c:\users\alex\source\repos\2danimationexporter\2danimationexporter\x64\release\viewer.obj
c:\users\alex\source\repos\2danimationexporter\2danimationexporter\x64\release\util.obj
c:\users\alex\source\repos\2danimationexporter\2danimationexporter\x64\release\spritesheet.obj
c:\users\alex\source\repos\2danimationexporter\2danimationexporter\x64\release\main.obj
c:\users\alex\source\repos\2danimationexporter\2danimationexporter\x64\release\guiwindow.obj
c:\users\alex\source\repos\2danimationexporter\2danimationexporter\x64\release\importsheet.obj
c:\users\alex\source\repos\2danimationexporter\2danimationexporter\x64\release\uielement.obj
c:\users\alex\source\repos\2danimationexporter\x64\release\2danimationexporter.exe
c:\users\alex\source\repos\2danimationexporter\x64\release\2danimationexporter.pdb
c:\users\alex\source\repos\2danimationexporter\2danimationexporter\x64\release\2danimat.8d35c5d7.tlog\2danimationexporter.write.1u.tlog
c:\users\alex\source\repos\2danimationexporter\2danimationexporter\x64\release\2danimat.8d35c5d7.tlog\cl.command.1.tlog
c:\users\alex\source\repos\2danimationexporter\2danimationexporter\x64\release\2danimat.8d35c5d7.tlog\cl.read.1.tlog
c:\users\alex\source\repos\2danimationexporter\2danimationexporter\x64\release\2danimat.8d35c5d7.tlog\cl.write.1.tlog
c:\users\alex\source\repos\2danimationexporter\2danimationexporter\x64\release\2danimat.8d35c5d7.tlog\link.command.1.tlog
c:\users\alex\source\repos\2danimationexporter\2danimationexporter\x64\release\2danimat.8d35c5d7.tlog\link.read.1.tlog
c:\users\alex\source\repos\2danimationexporter\2danimationexporter\x64\release\2danimat.8d35c5d7.tlog\link.write.1.tlog
